<?xml version="1.0" encoding="UTF-8"?>
<!-- Generated by org.testng.reporters.JUnitXMLReporter -->
<testsuite ignored="0" hostname="LAPTOP-6RJE64KM" failures="2" tests="5" name="TestListner" time="27.584" errors="0" timestamp="2023-07-06T18:45:52 IST">
  <testcase classname="listenersPack.Listern_Demo" name="Amazon" time="2.048">
    <failure type="org.testng.internal.thread.ThreadTimeoutException" message="Method listenersPack.Listern_Demo.Amazon() didn&amp;apos;t finish within the time-out 2000">
      <![CDATA[org.testng.internal.thread.ThreadTimeoutException: Method listenersPack.Listern_Demo.Amazon() didn't finish within the time-out 2000
at java.base/java.util.ArrayList.forEach(ArrayList.java:1511)
... Removed 24 stack frames]]>
    </failure>
  </testcase> <!-- Amazon -->
  <testcase classname="listenersPack.Listern_Demo" name="FaceBook" time="3.687"/>
  <testcase classname="listenersPack.Listern_Demo" name="Flipkart" time="18.44"/>
  <testcase classname="listenersPack.Listern_Demo" name="Instagram" time="3.304">
    <failure type="java.lang.AssertionError" message="null">
      <![CDATA[java.lang.AssertionError: null
at listenersPack.Listern_Demo.Instagram(Listern_Demo.java:48)
at java.base/java.util.ArrayList.forEach(ArrayList.java:1511)
... Removed 29 stack frames]]>
    </failure>
  </testcase> <!-- Instagram -->
  <testcase classname="listenersPack.Listern_Demo" name="ebay" time="0.0">
    <skipped/>
  </testcase> <!-- ebay -->
</testsuite> <!-- TestListner -->
