<?xml version="1.0" encoding="UTF-8"?>
<!-- Generated by org.testng.reporters.JUnitXMLReporter -->
<testsuite ignored="0" hostname="LAPTOP-6RJE64KM" failures="0" tests="9" name="Sample" time="0.113" errors="0" timestamp="2023-07-04T18:13:39 IST">
  <testcase classname="all_ExcelXML.Third" name="Eight" time="0.017"/>
  <testcase classname="all_ExcelXML.Third" name="Nine" time="0.003"/>
  <testcase classname="all_ExcelXML.Third" name="seven" time="0.002"/>
  <testcase classname="all_ExcelXML.Second" name="Five" time="0.002"/>
  <testcase classname="all_ExcelXML.Second" name="Four" time="0.002"/>
  <testcase classname="all_ExcelXML.Second" name="Six" time="0.002"/>
  <testcase classname="all_ExcelXML.First" name="one" time="0.002"/>
  <testcase classname="all_ExcelXML.First" name="three" time="0.001"/>
  <testcase classname="all_ExcelXML.First" name="two" time="0.001"/>
</testsuite> <!-- Sample -->
